1497702734932	geckodriver	INFO	Listening on 127.0.0.1:45404
1497702737370	geckodriver::marionette	INFO	Starting browser \\?\C:\Program Files (x86)\Mozilla Firefox\firefox.exe with args ["-marionette"]
1497702740825	addons.manager	ERROR	startup failed: [Exception... "Component returned failure code: 0x80070057 (NS_ERROR_ILLEGAL_VALUE) [nsIFile.create]"  nsresult: "0x80070057 (NS_ERROR_ILLEGAL_VALUE)"  location: "JS frame :: resource://gre/modules/FileUtils.jsm :: FileUtils_getDir :: line 70"  data: no] Stack trace: FileUtils_getDir()@resource://gre/modules/FileUtils.jsm:70 < FileUtils_getFile()@resource://gre/modules/FileUtils.jsm:42 < validateBlocklist()@resource://gre/modules/AddonManager.jsm:674 < startup()@resource://gre/modules/AddonManager.jsm:837 < startup()@resource://gre/modules/AddonManager.jsm:3145 < observe()@resource://gre/components/addonManager.js:65
JavaScript error: resource://gre/modules/AddonManager.jsm, line 1657: NS_ERROR_NOT_INITIALIZED: AddonManager is not initialized
1497702752572	Marionette	INFO	Listening on port 45410
JavaScript error: resource://gre/modules/AddonManager.jsm, line 2572: NS_ERROR_NOT_INITIALIZED: AddonManager is not initialized
1497702754541	Marionette	WARN	TLS certificate errors will be ignored for this session
JavaScript error: https://www.amazon.com/gp/product/1597499579/ref=as_li_qf_sp_asin_tl?ie=UTF8&camp=1789&creative=9325&creativeASIN=1597499579&linkCode=as2&tag=playwithpyth-20, line 1543: Error: Permission denied to access property "type"
JavaScript error: resource://gre/modules/FileUtils.jsm, line 70: NS_ERROR_ILLEGAL_VALUE: Component returned failure code: 0x80070057 (NS_ERROR_ILLEGAL_VALUE) [nsIFile.create]
1497702817062	addons.productaddons	WARN	Failed downloading XML, status: 0, reason: error
1497702818130	Marionette	INFO	Ceased listening
1497703280409	geckodriver	INFO	Listening on 127.0.0.1:45538
1497703282578	geckodriver::marionette	INFO	Starting browser \\?\C:\Program Files (x86)\Mozilla Firefox\firefox.exe with args ["-marionette"]
1497703283959	addons.manager	ERROR	startup failed: [Exception... "Component returned failure code: 0x80070057 (NS_ERROR_ILLEGAL_VALUE) [nsIFile.create]"  nsresult: "0x80070057 (NS_ERROR_ILLEGAL_VALUE)"  location: "JS frame :: resource://gre/modules/FileUtils.jsm :: FileUtils_getDir :: line 70"  data: no] Stack trace: FileUtils_getDir()@resource://gre/modules/FileUtils.jsm:70 < FileUtils_getFile()@resource://gre/modules/FileUtils.jsm:42 < validateBlocklist()@resource://gre/modules/AddonManager.jsm:674 < startup()@resource://gre/modules/AddonManager.jsm:837 < startup()@resource://gre/modules/AddonManager.jsm:3145 < observe()@resource://gre/components/addonManager.js:65
JavaScript error: resource://gre/modules/AddonManager.jsm, line 1657: NS_ERROR_NOT_INITIALIZED: AddonManager is not initialized
1497703291488	Marionette	INFO	Listening on port 45544
JavaScript error: resource://gre/modules/AddonManager.jsm, line 2572: NS_ERROR_NOT_INITIALIZED: AddonManager is not initialized
1497703292416	Marionette	WARN	TLS certificate errors will be ignored for this session
JavaScript error: resource://gre/modules/FileUtils.jsm, line 70: NS_ERROR_ILLEGAL_VALUE: Component returned failure code: 0x80070057 (NS_ERROR_ILLEGAL_VALUE) [nsIFile.create]
1497703361931	addons.productaddons	WARN	Failed downloading XML, status: 0, reason: error
JavaScript error: resource://app/modules/WindowsJumpLists.jsm, line 403: NS_ERROR_FILE_NOT_FOUND: Component returned failure code: 0x80520012 (NS_ERROR_FILE_NOT_FOUND) [nsIJumpListShortcut.app]
JavaScript error: resource://app/modules/WindowsJumpLists.jsm, line 403: NS_ERROR_FILE_NOT_FOUND: Component returned failure code: 0x80520012 (NS_ERROR_FILE_NOT_FOUND) [nsIJumpListShortcut.app]
1497703623154	Marionette	INFO	Ceased listening
1497709712474	geckodriver	INFO	Listening on 127.0.0.1:1999
1497709714244	geckodriver::marionette	INFO	Starting browser \\?\C:\Program Files (x86)\Mozilla Firefox\firefox.exe with args ["-marionette"]
1497709727171	addons.manager	ERROR	startup failed: [Exception... "Component returned failure code: 0x80070057 (NS_ERROR_ILLEGAL_VALUE) [nsIFile.create]"  nsresult: "0x80070057 (NS_ERROR_ILLEGAL_VALUE)"  location: "JS frame :: resource://gre/modules/FileUtils.jsm :: FileUtils_getDir :: line 70"  data: no] Stack trace: FileUtils_getDir()@resource://gre/modules/FileUtils.jsm:70 < FileUtils_getFile()@resource://gre/modules/FileUtils.jsm:42 < validateBlocklist()@resource://gre/modules/AddonManager.jsm:674 < startup()@resource://gre/modules/AddonManager.jsm:837 < startup()@resource://gre/modules/AddonManager.jsm:3145 < observe()@resource://gre/components/addonManager.js:65
JavaScript error: resource://gre/modules/AddonManager.jsm, line 1657: NS_ERROR_NOT_INITIALIZED: AddonManager is not initialized
1497709745943	Marionette	INFO	Listening on port 2008
JavaScript error: resource://gre/modules/AddonManager.jsm, line 2572: NS_ERROR_NOT_INITIALIZED: AddonManager is not initialized
1497709747878	Marionette	WARN	TLS certificate errors will be ignored for this session
JavaScript error: resource://gre/modules/FileUtils.jsm, line 70: NS_ERROR_ILLEGAL_VALUE: Component returned failure code: 0x80070057 (NS_ERROR_ILLEGAL_VALUE) [nsIFile.create]
JavaScript error: resource://gre/modules/LoginManagerParent.jsm, line 104: TypeError: this._recipeManager is null
console.warn: nsLoginManager: searchLogins: `formSubmitURL` or `httpRealm` is recommended
JavaScript error: resource://app/modules/WindowsJumpLists.jsm, line 403: NS_ERROR_FILE_NOT_FOUND: Component returned failure code: 0x80520012 (NS_ERROR_FILE_NOT_FOUND) [nsIJumpListShortcut.app]
JavaScript error: resource://app/modules/WindowsJumpLists.jsm, line 403: NS_ERROR_FILE_NOT_FOUND: Component returned failure code: 0x80520012 (NS_ERROR_FILE_NOT_FOUND) [nsIJumpListShortcut.app]
JavaScript error: resource://app/modules/WindowsJumpLists.jsm, line 403: NS_ERROR_FILE_NOT_FOUND: Component returned failure code: 0x80520012 (NS_ERROR_FILE_NOT_FOUND) [nsIJumpListShortcut.app]
console.error: 
  Message: TypeError: this.nodeHierarchy[this.currentIndex] is undefined
  Stack:
    scroll@resource://gre/modules/commonjs/toolkit/loader.js -> resource://devtools/client/inspector/breadcrumbs.js:764:11
update/<@resource://gre/modules/commonjs/toolkit/loader.js -> resource://devtools/client/inspector/breadcrumbs.js:910:9
setTimeout_timer@resource://gre/modules/Timer.jsm:30:5

JavaScript error: resource://app/modules/WindowsJumpLists.jsm, line 403: NS_ERROR_FILE_NOT_FOUND: Component returned failure code: 0x80520012 (NS_ERROR_FILE_NOT_FOUND) [nsIJumpListShortcut.app]
JavaScript error: resource://gre/modules/AddonManager.jsm, line 1416: NS_ERROR_NOT_INITIALIZED: AddonManager is not initialized
1497710253589	Marionette	INFO	Ceased listening
1497710439882	geckodriver	INFO	Listening on 127.0.0.1:2343
1497710441991	geckodriver::marionette	INFO	Starting browser \\?\C:\Program Files (x86)\Mozilla Firefox\firefox.exe with args ["-marionette"]
1497710443431	addons.manager	ERROR	startup failed: [Exception... "Component returned failure code: 0x80070057 (NS_ERROR_ILLEGAL_VALUE) [nsIFile.create]"  nsresult: "0x80070057 (NS_ERROR_ILLEGAL_VALUE)"  location: "JS frame :: resource://gre/modules/FileUtils.jsm :: FileUtils_getDir :: line 70"  data: no] Stack trace: FileUtils_getDir()@resource://gre/modules/FileUtils.jsm:70 < FileUtils_getFile()@resource://gre/modules/FileUtils.jsm:42 < validateBlocklist()@resource://gre/modules/AddonManager.jsm:674 < startup()@resource://gre/modules/AddonManager.jsm:837 < startup()@resource://gre/modules/AddonManager.jsm:3145 < observe()@resource://gre/components/addonManager.js:65
JavaScript error: resource://gre/modules/AddonManager.jsm, line 1657: NS_ERROR_NOT_INITIALIZED: AddonManager is not initialized
1497710450928	Marionette	INFO	Listening on port 2349
JavaScript error: resource://gre/modules/AddonManager.jsm, line 2572: NS_ERROR_NOT_INITIALIZED: AddonManager is not initialized
1497710452047	Marionette	WARN	TLS certificate errors will be ignored for this session
JavaScript warning: https://ajax.googleapis.com/ajax/libs/jquery/1.10.2/jquery.min.js, line 1: Using //@ to indicate sourceMappingURL pragmas is deprecated. Use //# instead
JavaScript error: resource://gre/modules/FileUtils.jsm, line 70: NS_ERROR_ILLEGAL_VALUE: Component returned failure code: 0x80070057 (NS_ERROR_ILLEGAL_VALUE) [nsIFile.create]
1497710538252	addons.productaddons	WARN	Failed downloading via XHR, status: 0, reason: error
1497710538995	Marionette	INFO	Ceased listening
1497710566618	geckodriver	INFO	Listening on 127.0.0.1:2422
1497710568739	geckodriver::marionette	INFO	Starting browser \\?\C:\Program Files (x86)\Mozilla Firefox\firefox.exe with args ["-marionette"]
1497710569530	addons.manager	ERROR	startup failed: [Exception... "Component returned failure code: 0x80070057 (NS_ERROR_ILLEGAL_VALUE) [nsIFile.create]"  nsresult: "0x80070057 (NS_ERROR_ILLEGAL_VALUE)"  location: "JS frame :: resource://gre/modules/FileUtils.jsm :: FileUtils_getDir :: line 70"  data: no] Stack trace: FileUtils_getDir()@resource://gre/modules/FileUtils.jsm:70 < FileUtils_getFile()@resource://gre/modules/FileUtils.jsm:42 < validateBlocklist()@resource://gre/modules/AddonManager.jsm:674 < startup()@resource://gre/modules/AddonManager.jsm:837 < startup()@resource://gre/modules/AddonManager.jsm:3145 < observe()@resource://gre/components/addonManager.js:65
JavaScript error: resource://gre/modules/AddonManager.jsm, line 1657: NS_ERROR_NOT_INITIALIZED: AddonManager is not initialized
1497710576563	Marionette	INFO	Listening on port 2428
JavaScript error: resource://gre/modules/AddonManager.jsm, line 2572: NS_ERROR_NOT_INITIALIZED: AddonManager is not initialized
1497710577545	Marionette	WARN	TLS certificate errors will be ignored for this session
JavaScript error: resource://gre/modules/FileUtils.jsm, line 70: NS_ERROR_ILLEGAL_VALUE: Component returned failure code: 0x80070057 (NS_ERROR_ILLEGAL_VALUE) [nsIFile.create]
JavaScript warning: https://ajax.googleapis.com/ajax/libs/jquery/1.10.2/jquery.min.js, line 1: Using //@ to indicate sourceMappingURL pragmas is deprecated. Use //# instead
JavaScript error: resource://app/modules/WindowsJumpLists.jsm, line 403: NS_ERROR_FILE_NOT_FOUND: Component returned failure code: 0x80520012 (NS_ERROR_FILE_NOT_FOUND) [nsIJumpListShortcut.app]
1497710713253	addons.productaddons	WARN	Failed downloading via XHR, status: 0, reason: error
1497710714041	Marionette	INFO	Ceased listening
